<?xml version="1.0" encoding="UTF-8"?>
<!-- Generated by org.testng.reporters.JUnitXMLReporter -->
<testsuite hostname="LAPTOP-3L5DI794" name="DarsiniTeachersTest" tests="17" failures="2" timestamp="12 Feb 2021 09:30:47 GMT" time="430.53" errors="0">
  <testcase name="addAnnouncementTest" time="216.622" classname="TestScripts.AnnouncementTest"/>
  <testcase name="editAnnoucementTest" time="14.494" classname="TestScripts.AnnouncementTest"/>
  <testcase name="disableAnnouncementCommentsTest" time="8.577" classname="TestScripts.AnnouncementTest"/>
  <testcase name="enableAnnouncementCommentsTest" time="5.047" classname="TestScripts.AnnouncementTest"/>
  <testcase name="announcementCommentTest" time="17.898" classname="TestScripts.AnnouncementTest"/>
  <testcase name="deleteAnnouncementTest" time="17.852" classname="TestScripts.AnnouncementTest"/>
  <testcase name="addAssignmentTest" time="33.58" classname="TestScripts.AssignmentTest"/>
  <testcase name="editAssignmentTest" time="18.577" classname="TestScripts.AssignmentTest"/>
  <testcase name="disableAssignmentCommentsTest" time="12.225" classname="TestScripts.AssignmentTest"/>
  <testcase name="enableAssignmentCommentsTest" time="5.035" classname="TestScripts.AssignmentTest"/>
  <testcase name="assignmentCommentTest" time="15.777" classname="TestScripts.AssignmentTest"/>
  <testcase name="deleteAssignmentTest" time="18.964" classname="TestScripts.AssignmentTest"/>
  <testcase name="HomeFeedAssignmentTest" time="12.956" classname="TestScripts.HomeFeedTest"/>
  <testcase name="HomeFeedAnnouncementTest" time="10.993" classname="TestScripts.HomeFeedTest"/>
  <testcase name="classFeedAssignmentTest" time="8.332" classname="TestScripts.ClassFeedTest"/>
  <testcase name="classFeedAnnouncementTest" time="1.84" classname="TestScripts.ClassFeedTest">
    <failure type="java.lang.AssertionError" message="lists don&amp;apos;t have the same size expected [12] but found [5]">
      <![CDATA[java.lang.AssertionError: lists don't have the same size expected [12] but found [5]
	at TestScripts.ClassFeedTest.classFeedAnnouncementTest(ClassFeedTest.java:134)
... Removed 32 stack frames]]>
    </failure>
  </testcase> <!-- classFeedAnnouncementTest -->
  <testcase name="changePasswordTest" time="10.088" classname="TestScripts.EditProfilePictureTest">
    <failure type="org.openqa.selenium.NoSuchElementException" message="Can&amp;apos;t locate an element by this strategy: By.chained({By.xpath: //android.widget.TextView[@text = &amp;apos;Profile&amp;apos;]})">
      <![CDATA[org.openqa.selenium.NoSuchElementException: Can't locate an element by this strategy: By.chained({By.xpath: //android.widget.TextView[@text = 'Profile']})
	at io.appium.java_client.pagefactory.AppiumElementLocator.findElement(AppiumElementLocator.java:126)
	at io.appium.java_client.pagefactory.interceptors.InterceptorOfASingleElement.intercept(InterceptorOfASingleElement.java:59)
	at io.appium.java_client.android.AndroidElement$$EnhancerByCGLIB$$b598166c.click(<generated>)
	at TestScripts.EditProfilePictureTest.changePasswordTest(EditProfilePictureTest.java:84)
Caused by: org.openqa.selenium.TimeoutException: Expected condition failed: waiting for io.appium.java_client.pagefactory.AppiumElementLocator$WaitingFunction@629a9f26 (tried for 1 second(s) with 500 milliseconds interval)
	at org.openqa.selenium.support.ui.FluentWait.timeoutException(FluentWait.java:304)
	at org.openqa.selenium.support.ui.FluentWait.until(FluentWait.java:272)
	at io.appium.java_client.pagefactory.AppiumElementLocator.waitFor(AppiumElementLocator.java:99)
	at io.appium.java_client.pagefactory.AppiumElementLocator.findElement(AppiumElementLocator.java:119)
	... 28 more
Caused by: org.openqa.selenium.NoSuchElementException: Cannot locate an element using By.chained({By.xpath: //android.widget.TextView[@text = 'Profile']})
For documentation on this error, please visit: https://www.seleniumhq.org/exceptions/no_such_element.html
Build info: version: '3.141.59', revision: 'e82be7d358', time: '2018-11-14T08:17:03'
System info: host: 'LAPTOP-3L5DI794', ip: '192.168.194.226', os.name: 'Windows 10', os.arch: 'amd64', os.version: '10.0', java.version: '1.8.0_251'
Driver info: driver.version: AndroidDriver
	at io.appium.java_client.pagefactory.bys.builder.ByChained.findElement(ByChained.java:74)
	at org.openqa.selenium.remote.RemoteWebDriver.findElement(RemoteWebDriver.java:315)
	at io.appium.java_client.DefaultGenericMobileDriver.findElement(DefaultGenericMobileDriver.java:57)
	at io.appium.java_client.AppiumDriver.findElement(AppiumDriver.java:1)
	at io.appium.java_client.android.AndroidDriver.findElement(AndroidDriver.java:1)
	at io.appium.java_client.pagefactory.bys.ContentMappedBy.findElement(ContentMappedBy.java:50)
	at org.openqa.selenium.remote.RemoteWebDriver.findElement(RemoteWebDriver.java:315)
	at io.appium.java_client.DefaultGenericMobileDriver.findElement(DefaultGenericMobileDriver.java:57)
	at io.appium.java_client.AppiumDriver.findElement(AppiumDriver.java:1)
	at io.appium.java_client.android.AndroidDriver.findElement(AndroidDriver.java:1)
	at io.appium.java_client.pagefactory.AppiumElementLocator.lambda$0(AppiumElementLocator.java:120)
	at io.appium.java_client.pagefactory.AppiumElementLocator$WaitingFunction.apply(AppiumElementLocator.java:172)
	at io.appium.java_client.pagefactory.AppiumElementLocator$WaitingFunction.apply(AppiumElementLocator.java:1)
	at org.openqa.selenium.support.ui.FluentWait.until(FluentWait.java:249)
	... 30 more
... Removed 25 stack frames]]>
    </failure>
  </testcase> <!-- changePasswordTest -->
</testsuite> <!-- DarsiniTeachersTest -->
